<?xml version="1.0" encoding="UTF-8"?>
<testsuite name="com.server.simple.domain.post.PostRepositoryTest" tests="1" skipped="0" failures="0" errors="0" timestamp="2021-01-29T07:10:58" hostname="DESKTOP-9KB1T48" time="0.618">
  <properties/>
  <testcase name="postRepoTest" classname="com.server.simple.domain.post.PostRepositoryTest" time="0.618"/>
  <system-out><![CDATA[16:10:49.711 [Test worker] DEBUG org.springframework.test.context.junit4.SpringJUnit4ClassRunner - SpringJUnit4ClassRunner constructor called with [class com.server.simple.domain.post.PostRepositoryTest]
16:10:49.720 [Test worker] DEBUG org.springframework.test.context.BootstrapUtils - Instantiating CacheAwareContextLoaderDelegate from class [org.springframework.test.context.cache.DefaultCacheAwareContextLoaderDelegate]
16:10:49.729 [Test worker] DEBUG org.springframework.test.context.BootstrapUtils - Instantiating BootstrapContext using constructor [public org.springframework.test.context.support.DefaultBootstrapContext(java.lang.Class,org.springframework.test.context.CacheAwareContextLoaderDelegate)]
16:10:49.749 [Test worker] DEBUG org.springframework.test.context.BootstrapUtils - Instantiating TestContextBootstrapper for test class [com.server.simple.domain.post.PostRepositoryTest] from class [org.springframework.boot.test.context.SpringBootTestContextBootstrapper]
16:10:49.764 [Test worker] INFO org.springframework.boot.test.context.SpringBootTestContextBootstrapper - Neither @ContextConfiguration nor @ContextHierarchy found for test class [com.server.simple.domain.post.PostRepositoryTest], using SpringBootContextLoader
16:10:49.770 [Test worker] DEBUG org.springframework.test.context.support.AbstractContextLoader - Did not detect default resource location for test class [com.server.simple.domain.post.PostRepositoryTest]: class path resource [com/server/simple/domain/post/PostRepositoryTest-context.xml] does not exist
16:10:49.771 [Test worker] DEBUG org.springframework.test.context.support.AbstractContextLoader - Did not detect default resource location for test class [com.server.simple.domain.post.PostRepositoryTest]: class path resource [com/server/simple/domain/post/PostRepositoryTestContext.groovy] does not exist
16:10:49.772 [Test worker] INFO org.springframework.test.context.support.AbstractContextLoader - Could not detect default resource locations for test class [com.server.simple.domain.post.PostRepositoryTest]: no resource found for suffixes {-context.xml, Context.groovy}.
16:10:49.773 [Test worker] INFO org.springframework.test.context.support.AnnotationConfigContextLoaderUtils - Could not detect default configuration classes for test class [com.server.simple.domain.post.PostRepositoryTest]: PostRepositoryTest does not declare any static, non-private, non-final, nested classes annotated with @Configuration.
16:10:49.838 [Test worker] DEBUG org.springframework.test.context.support.ActiveProfilesUtils - Could not find an 'annotation declaring class' for annotation type [org.springframework.test.context.ActiveProfiles] and class [com.server.simple.domain.post.PostRepositoryTest]
16:10:49.953 [Test worker] DEBUG org.springframework.context.annotation.ClassPathScanningCandidateComponentProvider - Identified candidate component class: file [C:\Users\jieun\IdeaProjects\SimplePostServer\build\classes\kotlin\main\com\server\simple\Application.class]
16:10:49.959 [Test worker] INFO org.springframework.boot.test.context.SpringBootTestContextBootstrapper - Found @SpringBootConfiguration com.server.simple.Application for test class com.server.simple.domain.post.PostRepositoryTest
16:10:50.073 [Test worker] DEBUG org.springframework.boot.test.context.SpringBootTestContextBootstrapper - @TestExecutionListeners is not present for class [com.server.simple.domain.post.PostRepositoryTest]: using defaults.
16:10:50.074 [Test worker] INFO org.springframework.boot.test.context.SpringBootTestContextBootstrapper - Loaded default TestExecutionListener class names from location [META-INF/spring.factories]: [org.springframework.security.test.context.support.WithSecurityContextTestExecutionListener, org.springframework.security.test.context.support.ReactorContextTestExecutionListener, org.springframework.test.context.web.ServletTestExecutionListener, org.springframework.test.context.support.DirtiesContextBeforeModesTestExecutionListener, org.springframework.test.context.support.DependencyInjectionTestExecutionListener, org.springframework.test.context.support.DirtiesContextTestExecutionListener, org.springframework.test.context.transaction.TransactionalTestExecutionListener, org.springframework.test.context.jdbc.SqlScriptsTestExecutionListener, org.springframework.boot.test.autoconfigure.restdocs.RestDocsTestExecutionListener, org.springframework.boot.test.autoconfigure.web.client.MockRestServiceServerResetTestExecutionListener, org.springframework.boot.test.autoconfigure.web.servlet.MockMvcPrintOnlyOnFailureTestExecutionListener, org.springframework.boot.test.autoconfigure.web.servlet.WebDriverTestExecutionListener, org.springframework.boot.test.mock.mockito.MockitoTestExecutionListener, org.springframework.boot.test.mock.mockito.ResetMocksTestExecutionListener]
16:10:50.098 [Test worker] INFO org.springframework.boot.test.context.SpringBootTestContextBootstrapper - Using TestExecutionListeners: [org.springframework.test.context.web.ServletTestExecutionListener@4ca09b85, org.springframework.test.context.support.DirtiesContextBeforeModesTestExecutionListener@7c44e568, org.springframework.boot.test.mock.mockito.MockitoTestExecutionListener@eb08ad7, org.springframework.boot.test.autoconfigure.SpringBootDependencyInjectionTestExecutionListener@3b4fc03b, org.springframework.test.context.support.DirtiesContextTestExecutionListener@73fb1864, org.springframework.test.context.transaction.TransactionalTestExecutionListener@28cfdcd6, org.springframework.test.context.jdbc.SqlScriptsTestExecutionListener@22a30d2a, org.springframework.security.test.context.support.WithSecurityContextTestExecutionListener@67284f5d, org.springframework.security.test.context.support.ReactorContextTestExecutionListener@4cbb43e4, org.springframework.boot.test.autoconfigure.restdocs.RestDocsTestExecutionListener@1ac41fc9, org.springframework.boot.test.autoconfigure.web.client.MockRestServiceServerResetTestExecutionListener@20b49be6, org.springframework.boot.test.autoconfigure.web.servlet.MockMvcPrintOnlyOnFailureTestExecutionListener@5c36a0a, org.springframework.boot.test.autoconfigure.web.servlet.WebDriverTestExecutionListener@1371ad35, org.springframework.boot.test.mock.mockito.ResetMocksTestExecutionListener@29f1c2c5]
16:10:50.103 [Test worker] DEBUG org.springframework.test.annotation.ProfileValueUtils - Retrieved @ProfileValueSourceConfiguration [null] for test class [com.server.simple.domain.post.PostRepositoryTest]
16:10:50.104 [Test worker] DEBUG org.springframework.test.annotation.ProfileValueUtils - Retrieved ProfileValueSource type [class org.springframework.test.annotation.SystemProfileValueSource] for class [com.server.simple.domain.post.PostRepositoryTest]
16:10:50.109 [Test worker] DEBUG org.springframework.test.annotation.ProfileValueUtils - Retrieved @ProfileValueSourceConfiguration [null] for test class [com.server.simple.domain.post.PostRepositoryTest]
16:10:50.110 [Test worker] DEBUG org.springframework.test.annotation.ProfileValueUtils - Retrieved ProfileValueSource type [class org.springframework.test.annotation.SystemProfileValueSource] for class [com.server.simple.domain.post.PostRepositoryTest]
16:10:50.111 [Test worker] DEBUG org.springframework.test.annotation.ProfileValueUtils - Retrieved @ProfileValueSourceConfiguration [null] for test class [com.server.simple.domain.post.PostRepositoryTest]
16:10:50.111 [Test worker] DEBUG org.springframework.test.annotation.ProfileValueUtils - Retrieved ProfileValueSource type [class org.springframework.test.annotation.SystemProfileValueSource] for class [com.server.simple.domain.post.PostRepositoryTest]
16:10:50.115 [Test worker] DEBUG org.springframework.test.context.support.AbstractDirtiesContextTestExecutionListener - Before test class: context [DefaultTestContext@4c28ffc testClass = PostRepositoryTest, testInstance = [null], testMethod = [null], testException = [null], mergedContextConfiguration = [WebMergedContextConfiguration@61704666 testClass = PostRepositoryTest, locations = '{}', classes = '{class com.server.simple.Application}', contextInitializerClasses = '[]', activeProfiles = '{}', propertySourceLocations = '{}', propertySourceProperties = '{org.springframework.boot.test.context.SpringBootTestContextBootstrapper=true, server.port=0}', contextCustomizers = set[org.springframework.boot.test.autoconfigure.properties.PropertyMappingContextCustomizer@0, org.springframework.boot.test.autoconfigure.web.servlet.WebDriverContextCustomizerFactory$Customizer@6624ecd6, org.springframework.boot.test.context.filter.ExcludeFilterContextCustomizer@76f092c6, org.springframework.boot.test.json.DuplicateJsonObjectContextCustomizerFactory$DuplicateJsonObjectContextCustomizer@4b9215c2, org.springframework.boot.test.mock.mockito.MockitoContextCustomizer@0, org.springframework.boot.test.web.client.TestRestTemplateContextCustomizer@72a37f89], resourceBasePath = 'src/main/webapp', contextLoader = 'org.springframework.boot.test.context.SpringBootContextLoader', parent = [null]], attributes = map['org.springframework.test.context.web.ServletTestExecutionListener.activateListener' -> false]], class annotated with @DirtiesContext [false] with mode [null].
16:10:50.117 [Test worker] DEBUG org.springframework.test.annotation.ProfileValueUtils - Retrieved @ProfileValueSourceConfiguration [null] for test class [com.server.simple.domain.post.PostRepositoryTest]
16:10:50.118 [Test worker] DEBUG org.springframework.test.annotation.ProfileValueUtils - Retrieved ProfileValueSource type [class org.springframework.test.annotation.SystemProfileValueSource] for class [com.server.simple.domain.post.PostRepositoryTest]
16:10:50.123 [Test worker] DEBUG org.springframework.test.context.support.DependencyInjectionTestExecutionListener - Performing dependency injection for test context [[DefaultTestContext@4c28ffc testClass = PostRepositoryTest, testInstance = com.server.simple.domain.post.PostRepositoryTest@4a4835d6, testMethod = [null], testException = [null], mergedContextConfiguration = [WebMergedContextConfiguration@61704666 testClass = PostRepositoryTest, locations = '{}', classes = '{class com.server.simple.Application}', contextInitializerClasses = '[]', activeProfiles = '{}', propertySourceLocations = '{}', propertySourceProperties = '{org.springframework.boot.test.context.SpringBootTestContextBootstrapper=true, server.port=0}', contextCustomizers = set[org.springframework.boot.test.autoconfigure.properties.PropertyMappingContextCustomizer@0, org.springframework.boot.test.autoconfigure.web.servlet.WebDriverContextCustomizerFactory$Customizer@6624ecd6, org.springframework.boot.test.context.filter.ExcludeFilterContextCustomizer@76f092c6, org.springframework.boot.test.json.DuplicateJsonObjectContextCustomizerFactory$DuplicateJsonObjectContextCustomizer@4b9215c2, org.springframework.boot.test.mock.mockito.MockitoContextCustomizer@0, org.springframework.boot.test.web.client.TestRestTemplateContextCustomizer@72a37f89], resourceBasePath = 'src/main/webapp', contextLoader = 'org.springframework.boot.test.context.SpringBootContextLoader', parent = [null]], attributes = map['org.springframework.test.context.web.ServletTestExecutionListener.activateListener' -> false]]].
16:10:50.150 [Test worker] DEBUG org.springframework.test.context.support.TestPropertySourceUtils - Adding inlined properties to environment: {spring.jmx.enabled=false, org.springframework.boot.test.context.SpringBootTestContextBootstrapper=true, server.port=0}

  .   ____          _            __ _ _
 /\\ / ___'_ __ _ _(_)_ __  __ _ \ \ \ \
( ( )\___ | '_ | '_| | '_ \/ _` | \ \ \ \
 \\/  ___)| |_)| | | | | || (_| |  ) ) ) )
  '  |____| .__|_| |_|_| |_\__, | / / / /
 =========|_|==============|___/=/_/_/_/
 :: Spring Boot ::        (v2.1.7.RELEASE)

2021-01-29 16:10:50.481  INFO 24724 --- [    Test worker] c.s.s.domain.post.PostRepositoryTest     : Starting PostRepositoryTest on DESKTOP-9KB1T48 with PID 24724 (started by jieun in C:\Users\jieun\IdeaProjects\SimplePostServer)
2021-01-29 16:10:50.484  INFO 24724 --- [    Test worker] c.s.s.domain.post.PostRepositoryTest     : No active profile set, falling back to default profiles: default
2021-01-29 16:10:50.856  WARN 24724 --- [kground-preinit] o.s.h.c.j.Jackson2ObjectMapperBuilder    : For Jackson Kotlin classes support please add "com.fasterxml.jackson.module:jackson-module-kotlin" to the classpath
2021-01-29 16:10:51.428  INFO 24724 --- [    Test worker] .s.d.r.c.RepositoryConfigurationDelegate : Bootstrapping Spring Data repositories in DEFAULT mode.
2021-01-29 16:10:51.553  INFO 24724 --- [    Test worker] .s.d.r.c.RepositoryConfigurationDelegate : Finished Spring Data repository scanning in 111ms. Found 2 repository interfaces.
2021-01-29 16:10:52.191  INFO 24724 --- [    Test worker] trationDelegate$BeanPostProcessorChecker : Bean 'org.springframework.transaction.annotation.ProxyTransactionManagementConfiguration' of type [org.springframework.transaction.annotation.ProxyTransactionManagementConfiguration$$EnhancerBySpringCGLIB$$4263eff6] is not eligible for getting processed by all BeanPostProcessors (for example: not eligible for auto-proxying)
2021-01-29 16:10:52.953  INFO 24724 --- [    Test worker] o.s.b.w.embedded.tomcat.TomcatWebServer  : Tomcat initialized with port(s): 0 (http)
2021-01-29 16:10:53.025  INFO 24724 --- [    Test worker] o.apache.catalina.core.StandardService   : Starting service [Tomcat]
2021-01-29 16:10:53.026  INFO 24724 --- [    Test worker] org.apache.catalina.core.StandardEngine  : Starting Servlet engine: [Apache Tomcat/9.0.22]
2021-01-29 16:10:53.498  INFO 24724 --- [    Test worker] o.a.c.c.C.[Tomcat].[localhost].[/]       : Initializing Spring embedded WebApplicationContext
2021-01-29 16:10:53.498  INFO 24724 --- [    Test worker] o.s.web.context.ContextLoader            : Root WebApplicationContext: initialization completed in 2993 ms
2021-01-29 16:10:54.049  INFO 24724 --- [    Test worker] com.zaxxer.hikari.HikariDataSource       : HikariPool-1 - Starting...
2021-01-29 16:10:54.385  INFO 24724 --- [    Test worker] com.zaxxer.hikari.HikariDataSource       : HikariPool-1 - Start completed.
2021-01-29 16:10:54.546  INFO 24724 --- [    Test worker] o.hibernate.jpa.internal.util.LogHelper  : HHH000204: Processing PersistenceUnitInfo [
	name: default
	...]
2021-01-29 16:10:54.688  INFO 24724 --- [    Test worker] org.hibernate.Version                    : HHH000412: Hibernate Core {5.3.10.Final}
2021-01-29 16:10:54.690  INFO 24724 --- [    Test worker] org.hibernate.cfg.Environment            : HHH000206: hibernate.properties not found
2021-01-29 16:10:54.931  INFO 24724 --- [    Test worker] o.hibernate.annotations.common.Version   : HCANN000001: Hibernate Commons Annotations {5.0.4.Final}
2021-01-29 16:10:55.187  INFO 24724 --- [    Test worker] org.hibernate.dialect.Dialect            : HHH000400: Using dialect: org.hibernate.dialect.H2Dialect
2021-01-29 16:10:56.065  INFO 24724 --- [    Test worker] o.h.t.schema.internal.SchemaCreatorImpl  : HHH000476: Executing import script 'org.hibernate.tool.schema.internal.exec.ScriptSourceInputNonExistentImpl@7828e19a'
2021-01-29 16:10:56.072  INFO 24724 --- [    Test worker] j.LocalContainerEntityManagerFactoryBean : Initialized JPA EntityManagerFactory for persistence unit 'default'
2021-01-29 16:10:57.411  INFO 24724 --- [    Test worker] o.s.s.concurrent.ThreadPoolTaskExecutor  : Initializing ExecutorService 'applicationTaskExecutor'
2021-01-29 16:10:57.497  WARN 24724 --- [    Test worker] aWebConfiguration$JpaWebMvcConfiguration : spring.jpa.open-in-view is enabled by default. Therefore, database queries may be performed during view rendering. Explicitly configure spring.jpa.open-in-view to disable this warning
2021-01-29 16:10:58.040  INFO 24724 --- [    Test worker] o.s.b.w.embedded.tomcat.TomcatWebServer  : Tomcat started on port(s): 10454 (http) with context path ''
2021-01-29 16:10:58.048  INFO 24724 --- [    Test worker] c.s.s.domain.post.PostRepositoryTest     : Started PostRepositoryTest in 7.894 seconds (JVM running for 9.931)
2021-01-29 16:10:58.409  INFO 24724 --- [    Test worker] o.h.h.i.QueryTranslatorFactoryInitiator  : HHH000397: Using ASTQueryTranslatorFactory
]]></system-out>
  <system-err><![CDATA[]]></system-err>
</testsuite>
